<?xml version="1.0" encoding="UTF-8"?>
<!-- Generated by org.testng.reporters.JUnitReportReporter -->
<testsuite hostname="abdulraheemPC" failures="0" tests="1" name="loginPage.myTestCases" time="1.398" errors="0" timestamp="2025-07-03T21:27:53 EET" skipped="0">
  <testcase classname="loginPage.myTestCases" name="Signup" time="1.398"/>
</testsuite> <!-- loginPage.myTestCases -->
