<?xml version="1.0" encoding="UTF-8"?>
<!-- Generated by org.testng.reporters.JUnitReportReporter -->
<testsuite hostname="abdulraheemPC" failures="0" tests="1" name="loginPage.myTestCases" time="4.483" errors="0" timestamp="2025-07-06T20:55:31 EET" skipped="0">
  <testcase classname="loginPage.myTestCases" name="Signup" time="4.483"/>
</testsuite> <!-- loginPage.myTestCases -->
